TN:
SF:dist/asaas.constants.js
FNF:0
FNH:0
DA:2,3
DA:3,3
DA:4,3
DA:5,3
DA:6,3
LF:5
LH:5
BRF:0
BRH:0
end_of_record
TN:
SF:dist/asaas.module.js
FN:2,(anonymous_0)
FN:15,(anonymous_1)
FN:32,(anonymous_2)
FN:35,(anonymous_3)
FN:50,(anonymous_4)
FN:63,(anonymous_5)
FN:76,(anonymous_6)
FNF:7
FNH:7
FNDA:2,(anonymous_0)
FNDA:2,(anonymous_1)
FNDA:2,(anonymous_2)
FNDA:2,(anonymous_3)
FNDA:2,(anonymous_4)
FNDA:2,(anonymous_5)
FNDA:1,(anonymous_6)
DA:2,2
DA:3,2
DA:4,2
DA:5,0
DA:6,2
DA:9,2
DA:10,2
DA:11,2
DA:12,2
DA:13,2
DA:14,2
DA:16,2
DA:20,2
DA:33,2
DA:36,2
DA:40,2
DA:51,2
DA:52,1
DA:54,1
DA:55,1
DA:64,2
DA:65,1
DA:71,1
DA:74,1
DA:76,1
DA:81,2
DA:82,2
LF:27
LH:26
BRDA:2,0,0,2
BRDA:2,0,1,2
BRDA:2,0,2,2
BRDA:3,1,0,2
BRDA:3,1,1,0
BRDA:3,2,0,0
BRDA:3,2,1,0
BRDA:4,3,0,2
BRDA:4,3,1,0
BRDA:4,4,0,2
BRDA:4,4,1,2
BRDA:5,5,0,0
BRDA:5,5,1,0
BRDA:5,6,0,0
BRDA:5,6,1,0
BRDA:5,7,0,0
BRDA:5,7,1,0
BRDA:5,8,0,0
BRDA:5,8,1,0
BRDA:6,9,0,2
BRDA:6,9,1,0
BRDA:6,9,2,0
BRDA:51,10,0,1
BRDA:51,10,1,1
BRDA:64,11,0,1
BRDA:64,11,1,1
BRDA:66,12,0,1
BRDA:66,12,1,1
BRF:28
BRH:14
end_of_record
TN:
SF:dist/asaas.service.js
FN:2,(anonymous_0)
FN:8,(anonymous_1)
FN:11,(anonymous_2)
FN:12,(anonymous_3)
FN:20,(anonymous_4)
FN:26,(anonymous_5)
FN:29,(anonymous_6)
FN:32,(anonymous_7)
FN:35,(anonymous_8)
FNF:9
FNH:9
FNDA:3,(anonymous_0)
FNDA:3,(anonymous_1)
FNDA:3,(anonymous_2)
FNDA:3,(anonymous_3)
FNDA:13,(anonymous_4)
FNDA:6,(anonymous_5)
FNDA:6,(anonymous_6)
FNDA:6,(anonymous_7)
FNDA:5,(anonymous_8)
DA:2,3
DA:3,3
DA:4,3
DA:5,0
DA:6,3
DA:8,3
DA:9,3
DA:11,3
DA:12,3
DA:14,3
DA:15,3
DA:16,3
DA:17,3
DA:18,3
DA:19,3
DA:21,13
DA:22,13
DA:27,6
DA:30,6
DA:33,6
DA:36,5
DA:39,3
DA:40,3
LF:23
LH:22
BRDA:2,0,0,3
BRDA:2,0,1,3
BRDA:2,0,2,3
BRDA:3,1,0,3
BRDA:3,1,1,0
BRDA:3,2,0,0
BRDA:3,2,1,0
BRDA:4,3,0,3
BRDA:4,3,1,0
BRDA:4,4,0,3
BRDA:4,4,1,3
BRDA:5,5,0,0
BRDA:5,5,1,0
BRDA:5,6,0,0
BRDA:5,6,1,0
BRDA:5,7,0,0
BRDA:5,7,1,0
BRDA:5,8,0,0
BRDA:5,8,1,0
BRDA:6,9,0,3
BRDA:6,9,1,0
BRDA:6,9,2,0
BRDA:8,10,0,3
BRDA:8,10,1,3
BRDA:8,10,2,3
BRDA:9,11,0,3
BRDA:9,11,1,0
BRDA:9,12,0,3
BRDA:9,12,1,3
BRDA:11,13,0,3
BRDA:11,13,1,3
BRDA:11,13,2,3
BRF:32
BRH:17
end_of_record
TN:
SF:dist/decorators/inject-asaas.decorator.js
FN:6,(anonymous_0)
FNF:1
FNH:1
FNDA:1,(anonymous_0)
DA:2,1
DA:3,1
DA:4,1
DA:5,1
DA:6,1
DA:7,1
LF:6
LH:6
BRF:0
BRH:0
end_of_record
TN:
SF:lib/asaas.constants.ts
FNF:0
FNH:0
DA:2,3
DA:3,3
DA:4,3
DA:5,3
DA:6,3
LF:5
LH:5
BRF:0
BRH:0
end_of_record
TN:
SF:lib/asaas.module.ts
FN:2,(anonymous_0)
FN:15,(anonymous_1)
FN:32,(anonymous_2)
FN:35,(anonymous_3)
FN:50,(anonymous_4)
FN:63,(anonymous_5)
FN:76,(anonymous_6)
FNF:7
FNH:7
FNDA:2,(anonymous_0)
FNDA:2,(anonymous_1)
FNDA:2,(anonymous_2)
FNDA:2,(anonymous_3)
FNDA:2,(anonymous_4)
FNDA:2,(anonymous_5)
FNDA:1,(anonymous_6)
DA:2,2
DA:3,2
DA:4,2
DA:5,0
DA:6,2
DA:9,2
DA:10,2
DA:11,2
DA:12,2
DA:13,2
DA:14,2
DA:16,2
DA:20,2
DA:33,2
DA:36,2
DA:40,2
DA:51,2
DA:52,1
DA:54,1
DA:55,1
DA:64,2
DA:65,1
DA:71,1
DA:74,1
DA:76,1
DA:81,2
DA:82,2
LF:27
LH:26
BRDA:2,0,0,2
BRDA:2,0,1,2
BRDA:2,0,2,2
BRDA:3,1,0,2
BRDA:3,1,1,0
BRDA:3,2,0,0
BRDA:3,2,1,0
BRDA:4,3,0,2
BRDA:4,3,1,0
BRDA:4,4,0,2
BRDA:4,4,1,2
BRDA:5,5,0,0
BRDA:5,5,1,0
BRDA:5,6,0,0
BRDA:5,6,1,0
BRDA:5,7,0,0
BRDA:5,7,1,0
BRDA:5,8,0,0
BRDA:5,8,1,0
BRDA:6,9,0,2
BRDA:6,9,1,0
BRDA:6,9,2,0
BRDA:51,10,0,1
BRDA:51,10,1,1
BRDA:64,11,0,1
BRDA:64,11,1,1
BRDA:66,12,0,1
BRDA:66,12,1,1
BRF:28
BRH:14
end_of_record
TN:
SF:lib/asaas.service.ts
FN:2,(anonymous_0)
FN:8,(anonymous_1)
FN:11,(anonymous_2)
FN:12,(anonymous_3)
FN:20,(anonymous_4)
FN:26,(anonymous_5)
FN:29,(anonymous_6)
FN:32,(anonymous_7)
FN:35,(anonymous_8)
FNF:9
FNH:9
FNDA:3,(anonymous_0)
FNDA:3,(anonymous_1)
FNDA:3,(anonymous_2)
FNDA:3,(anonymous_3)
FNDA:13,(anonymous_4)
FNDA:6,(anonymous_5)
FNDA:6,(anonymous_6)
FNDA:6,(anonymous_7)
FNDA:5,(anonymous_8)
DA:2,3
DA:3,3
DA:4,3
DA:5,0
DA:6,3
DA:8,3
DA:9,3
DA:11,3
DA:12,3
DA:14,3
DA:15,3
DA:16,3
DA:17,3
DA:18,3
DA:19,3
DA:21,13
DA:22,13
DA:27,6
DA:30,6
DA:33,6
DA:36,5
DA:39,3
DA:40,3
LF:23
LH:22
BRDA:2,0,0,3
BRDA:2,0,1,3
BRDA:2,0,2,3
BRDA:3,1,0,3
BRDA:3,1,1,0
BRDA:3,2,0,0
BRDA:3,2,1,0
BRDA:4,3,0,3
BRDA:4,3,1,0
BRDA:4,4,0,3
BRDA:4,4,1,3
BRDA:5,5,0,0
BRDA:5,5,1,0
BRDA:5,6,0,0
BRDA:5,6,1,0
BRDA:5,7,0,0
BRDA:5,7,1,0
BRDA:5,8,0,0
BRDA:5,8,1,0
BRDA:6,9,0,3
BRDA:6,9,1,0
BRDA:6,9,2,0
BRDA:8,10,0,3
BRDA:8,10,1,3
BRDA:8,10,2,3
BRDA:9,11,0,3
BRDA:9,11,1,0
BRDA:9,12,0,3
BRDA:9,12,1,3
BRDA:11,13,0,3
BRDA:11,13,1,3
BRDA:11,13,2,3
BRF:32
BRH:17
end_of_record
TN:
SF:lib/decorators/inject-asaas.decorator.ts
FN:6,(anonymous_0)
FNF:1
FNH:1
FNDA:1,(anonymous_0)
DA:2,1
DA:3,1
DA:4,1
DA:5,1
DA:6,1
DA:7,1
LF:6
LH:6
BRF:0
BRH:0
end_of_record
